  Boo.cpp
  Enemy.cpp
  Entity.cpp
  Grid.cpp
C:\Users\aurel\Documents\GitHub\Projet-IA\Squelette_Projet_IA-master\Project1\Grid.cpp(10,66): warning C4244: 'argument': conversion from 'int' to 'T', possible loss of data
C:\Users\aurel\Documents\GitHub\Projet-IA\Squelette_Projet_IA-master\Project1\Grid.cpp(10,66): warning C4244:         with
C:\Users\aurel\Documents\GitHub\Projet-IA\Squelette_Projet_IA-master\Project1\Grid.cpp(10,66): warning C4244:         [
C:\Users\aurel\Documents\GitHub\Projet-IA\Squelette_Projet_IA-master\Project1\Grid.cpp(10,66): warning C4244:             T=float
C:\Users\aurel\Documents\GitHub\Projet-IA\Squelette_Projet_IA-master\Project1\Grid.cpp(10,66): warning C4244:         ]
C:\Users\aurel\Documents\GitHub\Projet-IA\Squelette_Projet_IA-master\Project1\Grid.cpp(10,51): warning C4244: 'argument': conversion from 'int' to 'T', possible loss of data
C:\Users\aurel\Documents\GitHub\Projet-IA\Squelette_Projet_IA-master\Project1\Grid.cpp(10,51): warning C4244:         with
C:\Users\aurel\Documents\GitHub\Projet-IA\Squelette_Projet_IA-master\Project1\Grid.cpp(10,51): warning C4244:         [
C:\Users\aurel\Documents\GitHub\Projet-IA\Squelette_Projet_IA-master\Project1\Grid.cpp(10,51): warning C4244:             T=float
C:\Users\aurel\Documents\GitHub\Projet-IA\Squelette_Projet_IA-master\Project1\Grid.cpp(10,51): warning C4244:         ]
  main.cpp
  Monster.cpp
  Player.cpp
  Generating code
  Previous IPDB was built with incompatible compiler, fall back to full compilation.
  All 286 functions were compiled because no usable IPDB/IOBJ from previous compilation was found.
  Finished generating code
  Project1.vcxproj -> C:\Users\aurel\Documents\GitHub\Projet-IA\Squelette_Projet_IA-master\x64\Release\Project1.exe
