c:\users\agodin\documents\github\projet-ia\squelette_projet_ia-master\project1\x64\release\vc143.pdb
c:\users\agodin\documents\github\projet-ia\squelette_projet_ia-master\project1\x64\release\player.obj
c:\users\agodin\documents\github\projet-ia\squelette_projet_ia-master\project1\x64\release\monster.obj
c:\users\agodin\documents\github\projet-ia\squelette_projet_ia-master\project1\x64\release\main.obj
c:\users\agodin\documents\github\projet-ia\squelette_projet_ia-master\project1\x64\release\grid.obj
c:\users\agodin\documents\github\projet-ia\squelette_projet_ia-master\project1\x64\release\entity.obj
c:\users\agodin\documents\github\projet-ia\squelette_projet_ia-master\project1\x64\release\enemy.obj
c:\users\agodin\documents\github\projet-ia\squelette_projet_ia-master\project1\x64\release\boo.obj
c:\users\agodin\documents\github\projet-ia\squelette_projet_ia-master\project1\x64\release\node.obj
c:\users\agodin\documents\github\projet-ia\squelette_projet_ia-master\x64\release\project1.exe
c:\users\agodin\documents\github\projet-ia\squelette_projet_ia-master\x64\release\project1.pdb
c:\users\agodin\documents\github\projet-ia\squelette_projet_ia-master\project1\x64\release\project1.ipdb
c:\users\agodin\documents\github\projet-ia\squelette_projet_ia-master\project1\x64\release\project1.iobj
c:\users\agodin\documents\github\projet-ia\squelette_projet_ia-master\project1\x64\release\project1.tlog\cl.command.1.tlog
c:\users\agodin\documents\github\projet-ia\squelette_projet_ia-master\project1\x64\release\project1.tlog\cl.items.tlog
c:\users\agodin\documents\github\projet-ia\squelette_projet_ia-master\project1\x64\release\project1.tlog\cl.read.1.tlog
c:\users\agodin\documents\github\projet-ia\squelette_projet_ia-master\project1\x64\release\project1.tlog\cl.write.1.tlog
c:\users\agodin\documents\github\projet-ia\squelette_projet_ia-master\project1\x64\release\project1.tlog\link.command.1.tlog
c:\users\agodin\documents\github\projet-ia\squelette_projet_ia-master\project1\x64\release\project1.tlog\link.read.1.tlog
c:\users\agodin\documents\github\projet-ia\squelette_projet_ia-master\project1\x64\release\project1.tlog\link.secondary.1.tlog
c:\users\agodin\documents\github\projet-ia\squelette_projet_ia-master\project1\x64\release\project1.tlog\link.write.1.tlog
