c:\users\malvesgama\downloads\projet-ia\squelette_projet_ia-master\project1\x64\debug\vc143.pdb
c:\users\malvesgama\downloads\projet-ia\squelette_projet_ia-master\project1\x64\debug\vc143.idb
c:\users\malvesgama\downloads\projet-ia\squelette_projet_ia-master\project1\x64\debug\player.obj
c:\users\malvesgama\downloads\projet-ia\squelette_projet_ia-master\project1\x64\debug\node.obj
c:\users\malvesgama\downloads\projet-ia\squelette_projet_ia-master\project1\x64\debug\monster.obj
c:\users\malvesgama\downloads\projet-ia\squelette_projet_ia-master\project1\x64\debug\main.obj
c:\users\malvesgama\downloads\projet-ia\squelette_projet_ia-master\project1\x64\debug\grid.obj
c:\users\malvesgama\downloads\projet-ia\squelette_projet_ia-master\project1\x64\debug\entity.obj
c:\users\malvesgama\downloads\projet-ia\squelette_projet_ia-master\project1\x64\debug\enemy.obj
c:\users\malvesgama\downloads\projet-ia\squelette_projet_ia-master\project1\x64\debug\boo.obj
c:\users\malvesgama\downloads\projet-ia\squelette_projet_ia-master\x64\debug\project1.exe
c:\users\malvesgama\downloads\projet-ia\squelette_projet_ia-master\x64\debug\project1.pdb
c:\users\malvesgama\downloads\projet-ia\squelette_projet_ia-master\project1\x64\debug\project1.ilk
c:\users\malvesgama\downloads\projet-ia\squelette_projet_ia-master\project1\x64\debug\project1.tlog\cl.command.1.tlog
c:\users\malvesgama\downloads\projet-ia\squelette_projet_ia-master\project1\x64\debug\project1.tlog\cl.items.tlog
c:\users\malvesgama\downloads\projet-ia\squelette_projet_ia-master\project1\x64\debug\project1.tlog\cl.read.1.tlog
c:\users\malvesgama\downloads\projet-ia\squelette_projet_ia-master\project1\x64\debug\project1.tlog\cl.write.1.tlog
c:\users\malvesgama\downloads\projet-ia\squelette_projet_ia-master\project1\x64\debug\project1.tlog\link.command.1.tlog
c:\users\malvesgama\downloads\projet-ia\squelette_projet_ia-master\project1\x64\debug\project1.tlog\link.read.1.tlog
c:\users\malvesgama\downloads\projet-ia\squelette_projet_ia-master\project1\x64\debug\project1.tlog\link.secondary.1.tlog
c:\users\malvesgama\downloads\projet-ia\squelette_projet_ia-master\project1\x64\debug\project1.tlog\link.write.1.tlog
